{"/opt/lampp/htdocs/cursoReactTypescript/src/FirstStepApp.tsx": {"path":"/opt/lampp/htdocs/cursoReactTypescript/src/FirstStepApp.tsx","all":false,"statementMap":{"0":{"start":{"line":1,"column":0},"end":{"line":1,"column":58}},"7":{"start":{"line":8,"column":0},"end":{"line":8,"column":35}},"8":{"start":{"line":9,"column":0},"end":{"line":9,"column":50}},"9":{"start":{"line":10,"column":0},"end":{"line":10,"column":46}},"10":{"start":{"line":11,"column":0},"end":{"line":11,"column":48}},"11":{"start":{"line":12,"column":0},"end":{"line":12,"column":1}},"13":{"start":{"line":14,"column":0},"end":{"line":14,"column":32}},"14":{"start":{"line":15,"column":0},"end":{"line":15,"column":12}},"15":{"start":{"line":16,"column":0},"end":{"line":16,"column":10}},"16":{"start":{"line":17,"column":0},"end":{"line":17,"column":39}},"18":{"start":{"line":19,"column":0},"end":{"line":19,"column":62}},"19":{"start":{"line":20,"column":0},"end":{"line":20,"column":91}},"28":{"start":{"line":29,"column":0},"end":{"line":29,"column":1}}},"s":{"0":1,"7":1,"8":1,"9":1,"10":1,"11":1,"13":1,"14":3,"15":3,"16":3,"18":3,"19":3,"28":3},"branchMap":{"0":{"type":"branch","line":14,"loc":{"start":{"line":14,"column":7},"end":{"line":29,"column":1}},"locations":[{"start":{"line":14,"column":7},"end":{"line":29,"column":1}}]}},"b":{"0":[3]},"fnMap":{"0":{"name":"FirstStepApp","decl":{"start":{"line":14,"column":7},"end":{"line":29,"column":1}},"loc":{"start":{"line":14,"column":7},"end":{"line":29,"column":1}},"line":14}},"f":{"0":3}}
,"/opt/lampp/htdocs/cursoReactTypescript/src/MyAwesomeApp.tsx": {"path":"/opt/lampp/htdocs/cursoReactTypescript/src/MyAwesomeApp.tsx","all":false,"statementMap":{"2":{"start":{"line":3,"column":0},"end":{"line":3,"column":29}},"3":{"start":{"line":4,"column":0},"end":{"line":4,"column":25}},"5":{"start":{"line":6,"column":0},"end":{"line":6,"column":65}},"7":{"start":{"line":8,"column":0},"end":{"line":8,"column":22}},"9":{"start":{"line":10,"column":0},"end":{"line":10,"column":17}},"10":{"start":{"line":11,"column":0},"end":{"line":11,"column":23}},"11":{"start":{"line":12,"column":0},"end":{"line":12,"column":24}},"12":{"start":{"line":13,"column":0},"end":{"line":13,"column":1}},"14":{"start":{"line":15,"column":0},"end":{"line":15,"column":31}},"15":{"start":{"line":16,"column":0},"end":{"line":16,"column":27}},"16":{"start":{"line":17,"column":0},"end":{"line":17,"column":19}},"17":{"start":{"line":18,"column":0},"end":{"line":18,"column":17}},"18":{"start":{"line":19,"column":0},"end":{"line":19,"column":25}},"19":{"start":{"line":20,"column":0},"end":{"line":20,"column":20}},"20":{"start":{"line":21,"column":0},"end":{"line":21,"column":1}},"22":{"start":{"line":23,"column":0},"end":{"line":23,"column":32}},"24":{"start":{"line":25,"column":0},"end":{"line":25,"column":12}},"25":{"start":{"line":26,"column":0},"end":{"line":26,"column":13}},"26":{"start":{"line":27,"column":0},"end":{"line":27,"column":63}},"27":{"start":{"line":28,"column":0},"end":{"line":28,"column":31}},"29":{"start":{"line":30,"column":0},"end":{"line":30,"column":46}},"30":{"start":{"line":31,"column":0},"end":{"line":31,"column":29}},"31":{"start":{"line":32,"column":0},"end":{"line":32,"column":33}},"32":{"start":{"line":33,"column":0},"end":{"line":33,"column":43}},"33":{"start":{"line":34,"column":0},"end":{"line":34,"column":36}},"34":{"start":{"line":35,"column":0},"end":{"line":35,"column":32}},"35":{"start":{"line":36,"column":0},"end":{"line":36,"column":45}},"37":{"start":{"line":38,"column":0},"end":{"line":38,"column":71}},"39":{"start":{"line":40,"column":0},"end":{"line":40,"column":44}},"42":{"start":{"line":43,"column":0},"end":{"line":43,"column":1}}},"s":{"2":1,"3":1,"5":1,"7":1,"9":1,"10":1,"11":1,"12":1,"14":1,"15":1,"16":1,"17":1,"18":1,"19":1,"20":1,"22":1,"24":3,"25":3,"26":3,"27":3,"29":3,"30":3,"31":3,"32":3,"33":3,"34":3,"35":3,"37":3,"39":3,"42":3},"branchMap":{"0":{"type":"branch","line":23,"loc":{"start":{"line":23,"column":7},"end":{"line":43,"column":1}},"locations":[{"start":{"line":23,"column":7},"end":{"line":43,"column":1}}]},"1":{"type":"branch","line":38,"loc":{"start":{"line":38,"column":32},"end":{"line":38,"column":54}},"locations":[{"start":{"line":38,"column":32},"end":{"line":38,"column":54}}]}},"b":{"0":[3],"1":[0]},"fnMap":{"0":{"name":"MyAwesomeApp","decl":{"start":{"line":23,"column":7},"end":{"line":43,"column":1}},"loc":{"start":{"line":23,"column":7},"end":{"line":43,"column":1}},"line":23}},"f":{"0":3}}
,"/opt/lampp/htdocs/cursoReactTypescript/src/main.tsx": {"path":"/opt/lampp/htdocs/cursoReactTypescript/src/main.tsx","all":true,"statementMap":{"0":{"start":{"line":1,"column":0},"end":{"line":1,"column":35}},"1":{"start":{"line":2,"column":0},"end":{"line":2,"column":46}},"2":{"start":{"line":3,"column":0},"end":{"line":3,"column":46}},"3":{"start":{"line":4,"column":0},"end":{"line":4,"column":46}},"5":{"start":{"line":6,"column":0},"end":{"line":6,"column":66}},"6":{"start":{"line":7,"column":0},"end":{"line":7,"column":16}},"7":{"start":{"line":8,"column":0},"end":{"line":8,"column":24}},"8":{"start":{"line":9,"column":0},"end":{"line":9,"column":24}}},"s":{"0":0,"1":0,"2":0,"3":0,"5":0,"6":0,"7":0,"8":0},"branchMap":{"0":{"type":"branch","line":1,"loc":{"start":{"line":1,"column":332},"end":{"line":11,"column":2}},"locations":[{"start":{"line":1,"column":332},"end":{"line":11,"column":2}}]}},"b":{"0":[0]},"fnMap":{"0":{"name":"(empty-report)","decl":{"start":{"line":1,"column":332},"end":{"line":11,"column":2}},"loc":{"start":{"line":1,"column":332},"end":{"line":11,"column":2}},"line":1}},"f":{"0":0}}
,"/opt/lampp/htdocs/cursoReactTypescript/src/setupTests.ts": {"path":"/opt/lampp/htdocs/cursoReactTypescript/src/setupTests.ts","all":true,"statementMap":{"0":{"start":{"line":1,"column":0},"end":{"line":1,"column":34}}},"s":{"0":0},"branchMap":{"0":{"type":"branch","line":1,"loc":{"start":{"line":1,"column":0},"end":{"line":1,"column":34}},"locations":[{"start":{"line":1,"column":0},"end":{"line":1,"column":34}}]}},"b":{"0":[0]},"fnMap":{"0":{"name":"(empty-report)","decl":{"start":{"line":1,"column":0},"end":{"line":1,"column":34}},"loc":{"start":{"line":1,"column":0},"end":{"line":1,"column":34}},"line":1}},"f":{"0":0}}
,"/opt/lampp/htdocs/cursoReactTypescript/src/helpers/math.helper.ts": {"path":"/opt/lampp/htdocs/cursoReactTypescript/src/helpers/math.helper.ts","all":false,"statementMap":{"0":{"start":{"line":1,"column":0},"end":{"line":1,"column":52}},"2":{"start":{"line":3,"column":0},"end":{"line":3,"column":53}},"4":{"start":{"line":5,"column":0},"end":{"line":5,"column":58}},"6":{"start":{"line":7,"column":0},"end":{"line":7,"column":54}}},"s":{"0":1,"2":1,"4":1,"6":1},"branchMap":{"0":{"type":"branch","line":1,"loc":{"start":{"line":1,"column":21},"end":{"line":1,"column":52}},"locations":[{"start":{"line":1,"column":21},"end":{"line":1,"column":52}}]},"1":{"type":"branch","line":3,"loc":{"start":{"line":3,"column":22},"end":{"line":3,"column":53}},"locations":[{"start":{"line":3,"column":22},"end":{"line":3,"column":53}}]},"2":{"type":"branch","line":5,"loc":{"start":{"line":5,"column":27},"end":{"line":5,"column":58}},"locations":[{"start":{"line":5,"column":27},"end":{"line":5,"column":58}}]}},"b":{"0":[2],"1":[2],"2":[2]},"fnMap":{"0":{"name":"sumar","decl":{"start":{"line":1,"column":21},"end":{"line":1,"column":52}},"loc":{"start":{"line":1,"column":21},"end":{"line":1,"column":52}},"line":1},"1":{"name":"restar","decl":{"start":{"line":3,"column":22},"end":{"line":3,"column":53}},"loc":{"start":{"line":3,"column":22},"end":{"line":3,"column":53}},"line":3},"2":{"name":"multiplicar","decl":{"start":{"line":5,"column":27},"end":{"line":5,"column":58}},"loc":{"start":{"line":5,"column":27},"end":{"line":5,"column":58}},"line":5},"3":{"name":"dividir","decl":{"start":{"line":7,"column":23},"end":{"line":7,"column":54}},"loc":{"start":{"line":7,"column":23},"end":{"line":7,"column":54}},"line":7}},"f":{"0":2,"1":2,"2":2,"3":0}}
,"/opt/lampp/htdocs/cursoReactTypescript/src/shopping-cart/ItemCounter.tsx": {"path":"/opt/lampp/htdocs/cursoReactTypescript/src/shopping-cart/ItemCounter.tsx","all":false,"statementMap":{"0":{"start":{"line":1,"column":0},"end":{"line":1,"column":33}},"2":{"start":{"line":3,"column":0},"end":{"line":3,"column":26}},"3":{"start":{"line":4,"column":0},"end":{"line":4,"column":45}},"10":{"start":{"line":11,"column":0},"end":{"line":11,"column":63}},"11":{"start":{"line":12,"column":0},"end":{"line":12,"column":50}},"13":{"start":{"line":14,"column":0},"end":{"line":14,"column":34}},"14":{"start":{"line":15,"column":0},"end":{"line":15,"column":31}},"16":{"start":{"line":17,"column":0},"end":{"line":17,"column":34}},"17":{"start":{"line":18,"column":0},"end":{"line":18,"column":5}},"19":{"start":{"line":20,"column":0},"end":{"line":20,"column":29}},"20":{"start":{"line":21,"column":0},"end":{"line":21,"column":34}},"21":{"start":{"line":22,"column":0},"end":{"line":22,"column":5}},"23":{"start":{"line":24,"column":0},"end":{"line":24,"column":12}},"24":{"start":{"line":25,"column":0},"end":{"line":25,"column":38}},"25":{"start":{"line":26,"column":0},"end":{"line":26,"column":48}},"26":{"start":{"line":27,"column":0},"end":{"line":27,"column":52}},"27":{"start":{"line":28,"column":0},"end":{"line":28,"column":30}},"28":{"start":{"line":29,"column":0},"end":{"line":29,"column":87}},"29":{"start":{"line":30,"column":0},"end":{"line":30,"column":64}},"30":{"start":{"line":31,"column":0},"end":{"line":31,"column":82}},"33":{"start":{"line":34,"column":0},"end":{"line":34,"column":1}}},"s":{"0":1,"2":1,"3":1,"10":1,"11":9,"13":9,"14":2,"16":1,"17":1,"19":9,"20":1,"21":1,"23":9,"24":9,"25":9,"26":9,"27":9,"28":9,"29":9,"30":9,"33":9},"branchMap":{"0":{"type":"branch","line":11,"loc":{"start":{"line":11,"column":27},"end":{"line":34,"column":1}},"locations":[{"start":{"line":11,"column":27},"end":{"line":34,"column":1}}]},"1":{"type":"branch","line":27,"loc":{"start":{"line":27,"column":33},"end":{"line":27,"column":45}},"locations":[{"start":{"line":27,"column":33},"end":{"line":27,"column":45}}]},"2":{"type":"branch","line":27,"loc":{"start":{"line":27,"column":37},"end":{"line":27,"column":52}},"locations":[{"start":{"line":27,"column":37},"end":{"line":27,"column":52}}]},"3":{"type":"branch","line":14,"loc":{"start":{"line":14,"column":27},"end":{"line":18,"column":5}},"locations":[{"start":{"line":14,"column":27},"end":{"line":18,"column":5}}]},"4":{"type":"branch","line":15,"loc":{"start":{"line":15,"column":24},"end":{"line":18,"column":5}},"locations":[{"start":{"line":15,"column":24},"end":{"line":18,"column":5}}]},"5":{"type":"branch","line":20,"loc":{"start":{"line":20,"column":22},"end":{"line":22,"column":5}},"locations":[{"start":{"line":20,"column":22},"end":{"line":22,"column":5}}]}},"b":{"0":[9],"1":[4],"2":[5],"3":[2],"4":[1],"5":[1]},"fnMap":{"0":{"name":"ItemCounter","decl":{"start":{"line":11,"column":27},"end":{"line":34,"column":1}},"loc":{"start":{"line":11,"column":27},"end":{"line":34,"column":1}},"line":11},"1":{"name":"handleSubtract","decl":{"start":{"line":14,"column":27},"end":{"line":18,"column":5}},"loc":{"start":{"line":14,"column":27},"end":{"line":18,"column":5}},"line":14},"2":{"name":"handleAdd","decl":{"start":{"line":20,"column":22},"end":{"line":22,"column":5}},"loc":{"start":{"line":20,"column":22},"end":{"line":22,"column":5}},"line":20}},"f":{"0":9,"1":2,"2":1}}
}
